{
  "stats": {
    "suites": 1,
    "tests": 1,
    "passes": 1,
    "pending": 0,
    "failures": 0,
    "start": "2025-03-02T00:34:09.358Z",
    "end": "2025-03-02T00:34:15.384Z",
    "duration": 6026,
    "testsRegistered": 1,
    "passPercent": 100,
    "pendingPercent": 0,
    "other": 0,
    "hasOther": false,
    "skipped": 0,
    "hasSkipped": false
  },
  "results": [
    {
      "uuid": "784fa84e-032d-441a-a9a6-87bc6eb0ee8e",
      "title": "",
      "fullFile": "cypress/e2e/tests/registerTest.cy.js",
      "file": "cypress/e2e/tests/registerTest.cy.js",
      "beforeHooks": [],
      "afterHooks": [],
      "tests": [],
      "suites": [
        {
          "uuid": "7361805a-7d3c-4115-a6ca-2b115ba35e62",
          "title": " test automation",
          "fullFile": "",
          "file": "",
          "beforeHooks": [],
          "afterHooks": [],
          "tests": [
            {
              "title": "register flow",
              "fullTitle": " test automation register flow",
              "timedOut": null,
              "duration": 3842,
              "state": "passed",
              "speed": "fast",
              "pass": true,
              "fail": false,
              "pending": false,
              "context": null,
              "code": "cy.visit('https://naveenautomationlabs.com/opencart/index.php?route=account/register');\ncy.get('#input-firstname').type('Mani');\ncy.get('#input-lastname').type('Babu');\ncy.get('#input-email').type('Babu@gmail.com');\ncy.get('#input-telephone').type('12334567890');\ncy.get('#input-password').type('Manibabu1@');\ncy.get('#input-confirm').type('Manibabu1@');\ncy.get('input[type=\"checkbox').click();\ncy.get('.btn.btn-primary').click;\n// registerObj.openURL()\n// registerObj.enterFirstName(registerData.firstName)\n// registerObj.enterlastName(registerData.lastName)\n// registerObj.enterEmail(registerData.email)\n// registerObj.enterTelephone(registerData.telephone)\n// registerObj.enterPassword(registerData.password)\n// registerObj.selectCheckbox()\n// registerObj.clickOnContinue()",
              "err": {},
              "uuid": "7f3b4ab0-14dc-4ea3-bb76-de9fe9715d65",
              "parentUUID": "7361805a-7d3c-4115-a6ca-2b115ba35e62",
              "isHook": false,
              "skipped": false
            }
          ],
          "suites": [],
          "passes": [
            "7f3b4ab0-14dc-4ea3-bb76-de9fe9715d65"
          ],
          "failures": [],
          "pending": [],
          "skipped": [],
          "duration": 3842,
          "root": false,
          "rootEmpty": false,
          "_timeout": 2000
        }
      ],
      "passes": [],
      "failures": [],
      "pending": [],
      "skipped": [],
      "duration": 0,
      "root": true,
      "rootEmpty": true,
      "_timeout": 2000
    }
  ],
  "meta": {
    "mocha": {
      "version": "7.0.1"
    },
    "mochawesome": {
      "options": {
        "quiet": false,
        "reportFilename": "mochawesome",
        "saveHtml": true,
        "saveJson": true,
        "consoleReporter": "spec",
        "useInlineDiffs": false,
        "code": true
      },
      "version": "7.1.3"
    },
    "marge": {
      "options": {
        "reportDir": "cypress/reports/mochawesome",
        "overwrite": false,
        "html": true,
        "json": true,
        "charts": true
      },
      "version": "6.2.0"
    }
  }
}